# JRE version: OpenJDK Runtime Environment (7.0_79-b14) (build 1.7.0_79-b14)
# Java VM: OpenJDK 64-Bit Server VM (24.79-b02 mixed mode linux-amd64 compressed oops)
Heap
 PSYoungGen      total 105472K, used 29662K [0x00000000f2200000, 0x00000000f8e00000, 0x0000000100000000)
  eden space 100352K, 26% used [0x00000000f2200000,0x00000000f3c518b8,0x00000000f8400000)
  from space 5120K, 52% used [0x00000000f8900000,0x00000000f8ba6120,0x00000000f8e00000)
  to   space 5120K, 0% used [0x00000000f8400000,0x00000000f8400000,0x00000000f8900000)
 ParOldGen       total 331264K, used 318499K [0x00000000d6600000, 0x00000000ea980000, 0x00000000f2200000)
  object space 331264K, 96% used [0x00000000d6600000,0x00000000e9d08cb0,0x00000000ea980000)
 PSPermGen       total 24576K, used 24341K [0x00000000cc000000, 0x00000000cd800000, 0x00000000d6600000)
  object space 24576K, 99% used [0x00000000cc000000,0x00000000cd7c57f0,0x00000000cd800000)
GC Heap History (10 events):
Event: 6.371 GC heap before
{Heap before GC invocations=8 (full 0):
 PSYoungGen      total 22016K, used 21920K [0x00000000f2200000, 0x00000000f4d00000, 0x0000000100000000)
  eden space 19456K, 100% used [0x00000000f2200000,0x00000000f3500000,0x00000000f3500000)
  from space 2560K, 96% used [0x00000000f3500000,0x00000000f3768000,0x00000000f3780000)
  to   space 2560K, 0% used [0x00000000f4a80000,0x00000000f4a80000,0x00000000f4d00000)
 ParOldGen       total 22528K, used 5563K [0x00000000d6600000, 0x00000000d7c00000, 0x00000000f2200000)
  object space 22528K, 24% used [0x00000000d6600000,0x00000000d6b6ef38,0x00000000d7c00000)
 PSPermGen       total 21504K, used 16023K [0x00000000cc000000, 0x00000000cd500000, 0x00000000d6600000)
  object space 21504K, 74% used [0x00000000cc000000,0x00000000ccfa5e60,0x00000000cd500000)
Event: 6.376 GC heap after
Heap after GC invocations=8 (full 0):
 PSYoungGen      total 41472K, used 1859K [0x00000000f2200000, 0x00000000f4d00000, 0x0000000100000000)
  eden space 38912K, 0% used [0x00000000f2200000,0x00000000f2200000,0x00000000f4800000)
  from space 2560K, 72% used [0x00000000f4a80000,0x00000000f4c50e00,0x00000000f4d00000)
  to   space 2560K, 0% used [0x00000000f4800000,0x00000000f4800000,0x00000000f4a80000)
 ParOldGen       total 22528K, used 5823K [0x00000000d6600000, 0x00000000d7c00000, 0x00000000f2200000)
  object space 22528K, 25% used [0x00000000d6600000,0x00000000d6baff48,0x00000000d7c00000)
 PSPermGen       total 21504K, used 16023K [0x00000000cc000000, 0x00000000cd500000, 0x00000000d6600000)
  object space 21504K, 74% used [0x00000000cc000000,0x00000000ccfa5e60,0x00000000cd500000)
}
Event: 8.322 GC heap before
{Heap before GC invocations=9 (full 0):
 PSYoungGen      total 41472K, used 40771K [0x00000000f2200000, 0x00000000f4d00000, 0x0000000100000000)
  eden space 38912K, 100% used [0x00000000f2200000,0x00000000f4800000,0x00000000f4800000)
  from space 2560K, 72% used [0x00000000f4a80000,0x00000000f4c50e00,0x00000000f4d00000)
  to   space 2560K, 0% used [0x00000000f4800000,0x00000000f4800000,0x00000000f4a80000)
 ParOldGen       total 22528K, used 5823K [0x00000000d6600000, 0x00000000d7c00000, 0x00000000f2200000)
  object space 22528K, 25% used [0x00000000d6600000,0x00000000d6baff48,0x00000000d7c00000)
 PSPermGen       total 21504K, used 20473K [0x00000000cc000000, 0x00000000cd500000, 0x00000000d6600000)
  object space 21504K, 95% used [0x00000000cc000000,0x00000000cd3fe708,0x00000000cd500000)
Event: 8.334 GC heap after
Heap after GC invocations=9 (full 0):
 PSYoungGen      total 41472K, used 2540K [0x00000000f2200000, 0x00000000f6700000, 0x0000000100000000)
  eden space 38912K, 0% used [0x00000000f2200000,0x00000000f2200000,0x00000000f4800000)
  from space 2560K, 99% used [0x00000000f4800000,0x00000000f4a7b2f0,0x00000000f4a80000)
  to   space 4096K, 0% used [0x00000000f6300000,0x00000000f6300000,0x00000000f6700000)
 ParOldGen       total 22528K, used 8180K [0x00000000d6600000, 0x00000000d7c00000, 0x00000000f2200000)
  object space 22528K, 36% used [0x00000000d6600000,0x00000000d6dfd148,0x00000000d7c00000)
 PSPermGen       total 21504K, used 20473K [0x00000000cc000000, 0x00000000cd500000, 0x00000000d6600000)
  object space 21504K, 95% used [0x00000000cc000000,0x00000000cd3fe708,0x00000000cd500000)
}
Event: 9.273 GC heap before
{Heap before GC invocations=10 (full 0):
 PSYoungGen      total 41472K, used 41452K [0x00000000f2200000, 0x00000000f6700000, 0x0000000100000000)
  eden space 38912K, 100% used [0x00000000f2200000,0x00000000f4800000,0x00000000f4800000)
  from space 2560K, 99% used [0x00000000f4800000,0x00000000f4a7b2f0,0x00000000f4a80000)
  to   space 4096K, 0% used [0x00000000f6300000,0x00000000f6300000,0x00000000f6700000)
 ParOldGen       total 22528K, used 8180K [0x00000000d6600000, 0x00000000d7c00000, 0x00000000f2200000)
  object space 22528K, 36% used [0x00000000d6600000,0x00000000d6dfd148,0x00000000d7c00000)
 PSPermGen       total 21504K, used 21054K [0x00000000cc000000, 0x00000000cd500000, 0x00000000d6600000)
  object space 21504K, 97% used [0x00000000cc000000,0x00000000cd48f988,0x00000000cd500000)
Event: 9.287 GC heap after
Heap after GC invocations=10 (full 0):
 PSYoungGen      total 66560K, used 3282K [0x00000000f2200000, 0x00000000f6700000, 0x0000000100000000)
  eden space 62464K, 0% used [0x00000000f2200000,0x00000000f2200000,0x00000000f5f00000)
  from space 4096K, 80% used [0x00000000f6300000,0x00000000f66348a0,0x00000000f6700000)
  to   space 4096K, 0% used [0x00000000f5f00000,0x00000000f5f00000,0x00000000f6300000)
 ParOldGen       total 22528K, used 8436K [0x00000000d6600000, 0x00000000d7c00000, 0x00000000f2200000)
  object space 22528K, 37% used [0x00000000d6600000,0x00000000d6e3d148,0x00000000d7c00000)
 PSPermGen       total 21504K, used 21054K [0x00000000cc000000, 0x00000000cd500000, 0x00000000d6600000)
  object space 21504K, 97% used [0x00000000cc000000,0x00000000cd48f988,0x00000000cd500000)
}
Event: 13.579 GC heap before
{Heap before GC invocations=11 (full 0):
 PSYoungGen      total 66560K, used 65746K [0x00000000f2200000, 0x00000000f6700000, 0x0000000100000000)
  eden space 62464K, 100% used [0x00000000f2200000,0x00000000f5f00000,0x00000000f5f00000)
  from space 4096K, 80% used [0x00000000f6300000,0x00000000f66348a0,0x00000000f6700000)
  to   space 4096K, 0% used [0x00000000f5f00000,0x00000000f5f00000,0x00000000f6300000)
 ParOldGen       total 331264K, used 315636K [0x00000000d6600000, 0x00000000ea980000, 0x00000000f2200000)
  object space 331264K, 95% used [0x00000000d6600000,0x00000000e9a3d178,0x00000000ea980000)
 PSPermGen       total 24576K, used 24090K [0x00000000cc000000, 0x00000000cd800000, 0x00000000d6600000)
  object space 24576K, 98% used [0x00000000cc000000,0x00000000cd786a68,0x00000000cd800000)
Event: 13.596 GC heap after
Heap after GC invocations=11 (full 0):
 PSYoungGen      total 66560K, used 4091K [0x00000000f2200000, 0x00000000f8e00000, 0x0000000100000000)
  eden space 62464K, 0% used [0x00000000f2200000,0x00000000f2200000,0x00000000f5f00000)
  from space 4096K, 99% used [0x00000000f5f00000,0x00000000f62fec60,0x00000000f6300000)
  to   space 5120K, 0% used [0x00000000f8900000,0x00000000f8900000,0x00000000f8e00000)
 ParOldGen       total 331264K, used 317602K [0x00000000d6600000, 0x00000000ea980000, 0x00000000f2200000)
  object space 331264K, 95% used [0x00000000d6600000,0x00000000e9c28bf0,0x00000000ea980000)
 PSPermGen       total 24576K, used 24090K [0x00000000cc000000, 0x00000000cd800000, 0x00000000d6600000)
  object space 24576K, 98% used [0x00000000cc000000,0x00000000cd786a68,0x00000000cd800000)
}
Event: 15.523 GC heap before
{Heap before GC invocations=12 (full 0):
 PSYoungGen      total 66560K, used 66555K [0x00000000f2200000, 0x00000000f8e00000, 0x0000000100000000)
  eden space 62464K, 100% used [0x00000000f2200000,0x00000000f5f00000,0x00000000f5f00000)
  from space 4096K, 99% used [0x00000000f5f00000,0x00000000f62fec60,0x00000000f6300000)
  to   space 5120K, 0% used [0x00000000f8900000,0x00000000f8900000,0x00000000f8e00000)
 ParOldGen       total 331264K, used 317602K [0x00000000d6600000, 0x00000000ea980000, 0x00000000f2200000)
  object space 331264K, 95% used [0x00000000d6600000,0x00000000e9c28bf0,0x00000000ea980000)
 PSPermGen       total 24576K, used 24337K [0x00000000cc000000, 0x00000000cd800000, 0x00000000d6600000)
  object space 24576K, 99% used [0x00000000cc000000,0x00000000cd7c45a8,0x00000000cd800000)
Event: 15.548 GC heap after
Heap after GC invocations=12 (full 0):
 PSYoungGen      total 105472K, used 2712K [0x00000000f2200000, 0x00000000f8e00000, 0x0000000100000000)
  eden space 100352K, 0% used [0x00000000f2200000,0x00000000f2200000,0x00000000f8400000)
  from space 5120K, 52% used [0x00000000f8900000,0x00000000f8ba6120,0x00000000f8e00000)
  to   space 5120K, 0% used [0x00000000f8400000,0x00000000f8400000,0x00000000f8900000)
 ParOldGen       total 331264K, used 318499K [0x00000000d6600000, 0x00000000ea980000, 0x00000000f2200000)
  object space 331264K, 96% used [0x00000000d6600000,0x00000000e9d08cb0,0x00000000ea980000)
 PSPermGen       total 24576K, used 24337K [0x00000000cc000000, 0x00000000cd800000, 0x00000000d6600000)
  object space 24576K, 99% used [0x00000000cc000000,0x00000000cd7c45a8,0x00000000cd800000)
}

