# JRE version: OpenJDK Runtime Environment (7.0_79-b14) (build 1.7.0_79-b14)
# Java VM: OpenJDK 64-Bit Server VM (24.79-b02 mixed mode linux-amd64 compressed oops)
Heap
 PSYoungGen      total 104960K, used 29477K [0x00000000f2200000, 0x00000000f8d00000, 0x0000000100000000)
  eden space 100352K, 26% used [0x00000000f2200000,0x00000000f3c06dc8,0x00000000f8400000)
  from space 4608K, 61% used [0x00000000f8880000,0x00000000f8b429c0,0x00000000f8d00000)
  to   space 4608K, 0% used [0x00000000f8400000,0x00000000f8400000,0x00000000f8880000)
 ParOldGen       total 331264K, used 318220K [0x00000000d6600000, 0x00000000ea980000, 0x00000000f2200000)
  object space 331264K, 96% used [0x00000000d6600000,0x00000000e9cc30d0,0x00000000ea980000)
 PSPermGen       total 24576K, used 24341K [0x00000000cc000000, 0x00000000cd800000, 0x00000000d6600000)
  object space 24576K, 99% used [0x00000000cc000000,0x00000000cd7c57a0,0x00000000cd800000)
GC Heap History (10 events):
Event: 5.304 GC heap before
{Heap before GC invocations=8 (full 0):
 PSYoungGen      total 22528K, used 21938K [0x00000000f2200000, 0x00000000f4e00000, 0x0000000100000000)
  eden space 19456K, 100% used [0x00000000f2200000,0x00000000f3500000,0x00000000f3500000)
  from space 3072K, 80% used [0x00000000f3500000,0x00000000f376cb98,0x00000000f3800000)
  to   space 3072K, 0% used [0x00000000f4b00000,0x00000000f4b00000,0x00000000f4e00000)
 ParOldGen       total 22528K, used 6246K [0x00000000d6600000, 0x00000000d7c00000, 0x00000000f2200000)
  object space 22528K, 27% used [0x00000000d6600000,0x00000000d6c19be8,0x00000000d7c00000)
 PSPermGen       total 21504K, used 15982K [0x00000000cc000000, 0x00000000cd500000, 0x00000000d6600000)
  object space 21504K, 74% used [0x00000000cc000000,0x00000000ccf9b8a0,0x00000000cd500000)
Event: 5.311 GC heap after
Heap after GC invocations=8 (full 0):
 PSYoungGen      total 41984K, used 1813K [0x00000000f2200000, 0x00000000f4e00000, 0x0000000100000000)
  eden space 38912K, 0% used [0x00000000f2200000,0x00000000f2200000,0x00000000f4800000)
  from space 3072K, 59% used [0x00000000f4b00000,0x00000000f4cc5658,0x00000000f4e00000)
  to   space 3072K, 0% used [0x00000000f4800000,0x00000000f4800000,0x00000000f4b00000)
 ParOldGen       total 22528K, used 6482K [0x00000000d6600000, 0x00000000d7c00000, 0x00000000f2200000)
  object space 22528K, 28% used [0x00000000d6600000,0x00000000d6c54bf8,0x00000000d7c00000)
 PSPermGen       total 21504K, used 15982K [0x00000000cc000000, 0x00000000cd500000, 0x00000000d6600000)
  object space 21504K, 74% used [0x00000000cc000000,0x00000000ccf9b8a0,0x00000000cd500000)
}
Event: 7.063 GC heap before
{Heap before GC invocations=9 (full 0):
 PSYoungGen      total 41984K, used 40725K [0x00000000f2200000, 0x00000000f4e00000, 0x0000000100000000)
  eden space 38912K, 100% used [0x00000000f2200000,0x00000000f4800000,0x00000000f4800000)
  from space 3072K, 59% used [0x00000000f4b00000,0x00000000f4cc5658,0x00000000f4e00000)
  to   space 3072K, 0% used [0x00000000f4800000,0x00000000f4800000,0x00000000f4b00000)
 ParOldGen       total 22528K, used 6482K [0x00000000d6600000, 0x00000000d7c00000, 0x00000000f2200000)
  object space 22528K, 28% used [0x00000000d6600000,0x00000000d6c54bf8,0x00000000d7c00000)
 PSPermGen       total 21504K, used 20462K [0x00000000cc000000, 0x00000000cd500000, 0x00000000d6600000)
  object space 21504K, 95% used [0x00000000cc000000,0x00000000cd3fb9a0,0x00000000cd500000)
Event: 7.086 GC heap after
Heap after GC invocations=9 (full 0):
 PSYoungGen      total 41984K, used 3051K [0x00000000f2200000, 0x00000000f6700000, 0x0000000100000000)
  eden space 38912K, 0% used [0x00000000f2200000,0x00000000f2200000,0x00000000f4800000)
  from space 3072K, 99% used [0x00000000f4800000,0x00000000f4afacb8,0x00000000f4b00000)
  to   space 4096K, 0% used [0x00000000f6300000,0x00000000f6300000,0x00000000f6700000)
 ParOldGen       total 22528K, used 8302K [0x00000000d6600000, 0x00000000d7c00000, 0x00000000f2200000)
  object space 22528K, 36% used [0x00000000d6600000,0x00000000d6e1b858,0x00000000d7c00000)
 PSPermGen       total 21504K, used 20462K [0x00000000cc000000, 0x00000000cd500000, 0x00000000d6600000)
  object space 21504K, 95% used [0x00000000cc000000,0x00000000cd3fb9a0,0x00000000cd500000)
}
Event: 7.921 GC heap before
{Heap before GC invocations=10 (full 0):
 PSYoungGen      total 41984K, used 41963K [0x00000000f2200000, 0x00000000f6700000, 0x0000000100000000)
  eden space 38912K, 100% used [0x00000000f2200000,0x00000000f4800000,0x00000000f4800000)
  from space 3072K, 99% used [0x00000000f4800000,0x00000000f4afacb8,0x00000000f4b00000)
  to   space 4096K, 0% used [0x00000000f6300000,0x00000000f6300000,0x00000000f6700000)
 ParOldGen       total 22528K, used 8302K [0x00000000d6600000, 0x00000000d7c00000, 0x00000000f2200000)
  object space 22528K, 36% used [0x00000000d6600000,0x00000000d6e1b858,0x00000000d7c00000)
 PSPermGen       total 21504K, used 21057K [0x00000000cc000000, 0x00000000cd500000, 0x00000000d6600000)
  object space 21504K, 97% used [0x00000000cc000000,0x00000000cd4904d8,0x00000000cd500000)
Event: 7.929 GC heap after
Heap after GC invocations=10 (full 0):
 PSYoungGen      total 66560K, used 3130K [0x00000000f2200000, 0x00000000f6700000, 0x0000000100000000)
  eden space 62464K, 0% used [0x00000000f2200000,0x00000000f2200000,0x00000000f5f00000)
  from space 4096K, 76% used [0x00000000f6300000,0x00000000f660eae0,0x00000000f6700000)
  to   space 4096K, 0% used [0x00000000f5f00000,0x00000000f5f00000,0x00000000f6300000)
 ParOldGen       total 22528K, used 8550K [0x00000000d6600000, 0x00000000d7c00000, 0x00000000f2200000)
  object space 22528K, 37% used [0x00000000d6600000,0x00000000d6e59858,0x00000000d7c00000)
 PSPermGen       total 21504K, used 21057K [0x00000000cc000000, 0x00000000cd500000, 0x00000000d6600000)
  object space 21504K, 97% used [0x00000000cc000000,0x00000000cd4904d8,0x00000000cd500000)
}
Event: 11.132 GC heap before
{Heap before GC invocations=11 (full 0):
 PSYoungGen      total 66560K, used 65594K [0x00000000f2200000, 0x00000000f6700000, 0x0000000100000000)
  eden space 62464K, 100% used [0x00000000f2200000,0x00000000f5f00000,0x00000000f5f00000)
  from space 4096K, 76% used [0x00000000f6300000,0x00000000f660eae0,0x00000000f6700000)
  to   space 4096K, 0% used [0x00000000f5f00000,0x00000000f5f00000,0x00000000f6300000)
 ParOldGen       total 331264K, used 315750K [0x00000000d6600000, 0x00000000ea980000, 0x00000000f2200000)
  object space 331264K, 95% used [0x00000000d6600000,0x00000000e9a59888,0x00000000ea980000)
 PSPermGen       total 24576K, used 24146K [0x00000000cc000000, 0x00000000cd800000, 0x00000000d6600000)
  object space 24576K, 98% used [0x00000000cc000000,0x00000000cd794ab8,0x00000000cd800000)
Event: 11.165 GC heap after
Heap after GC invocations=11 (full 0):
 PSYoungGen      total 66560K, used 3981K [0x00000000f2200000, 0x00000000f8d00000, 0x0000000100000000)
  eden space 62464K, 0% used [0x00000000f2200000,0x00000000f2200000,0x00000000f5f00000)
  from space 4096K, 97% used [0x00000000f5f00000,0x00000000f62e36c8,0x00000000f6300000)
  to   space 4608K, 0% used [0x00000000f8880000,0x00000000f8880000,0x00000000f8d00000)
 ParOldGen       total 331264K, used 317404K [0x00000000d6600000, 0x00000000ea980000, 0x00000000f2200000)
  object space 331264K, 95% used [0x00000000d6600000,0x00000000e9bf7020,0x00000000ea980000)
 PSPermGen       total 24576K, used 24146K [0x00000000cc000000, 0x00000000cd800000, 0x00000000d6600000)
  object space 24576K, 98% used [0x00000000cc000000,0x00000000cd794ab8,0x00000000cd800000)
}
Event: 12.655 GC heap before
{Heap before GC invocations=12 (full 0):
 PSYoungGen      total 66560K, used 66445K [0x00000000f2200000, 0x00000000f8d00000, 0x0000000100000000)
  eden space 62464K, 100% used [0x00000000f2200000,0x00000000f5f00000,0x00000000f5f00000)
  from space 4096K, 97% used [0x00000000f5f00000,0x00000000f62e36c8,0x00000000f6300000)
  to   space 4608K, 0% used [0x00000000f8880000,0x00000000f8880000,0x00000000f8d00000)
 ParOldGen       total 331264K, used 317404K [0x00000000d6600000, 0x00000000ea980000, 0x00000000f2200000)
  object space 331264K, 95% used [0x00000000d6600000,0x00000000e9bf7020,0x00000000ea980000)
 PSPermGen       total 24576K, used 24337K [0x00000000cc000000, 0x00000000cd800000, 0x00000000d6600000)
  object space 24576K, 99% used [0x00000000cc000000,0x00000000cd7c44c0,0x00000000cd800000)
Event: 12.667 GC heap after
Heap after GC invocations=12 (full 0):
 PSYoungGen      total 104960K, used 2826K [0x00000000f2200000, 0x00000000f8d00000, 0x0000000100000000)
  eden space 100352K, 0% used [0x00000000f2200000,0x00000000f2200000,0x00000000f8400000)
  from space 4608K, 61% used [0x00000000f8880000,0x00000000f8b429c0,0x00000000f8d00000)
  to   space 4608K, 0% used [0x00000000f8400000,0x00000000f8400000,0x00000000f8880000)
 ParOldGen       total 331264K, used 318220K [0x00000000d6600000, 0x00000000ea980000, 0x00000000f2200000)
  object space 331264K, 96% used [0x00000000d6600000,0x00000000e9cc30d0,0x00000000ea980000)
 PSPermGen       total 24576K, used 24337K [0x00000000cc000000, 0x00000000cd800000, 0x00000000d6600000)
  object space 24576K, 99% used [0x00000000cc000000,0x00000000cd7c44c0,0x00000000cd800000)
}

